Words            Vowels  Const.  Digits Special
A                     1       0       0       0
problem               2       5       0       0
that                  1       3       0       0
seems                 2       3       0       0
difficult             3       6       0       0
may                   1       2       0       0
have                  2       2       0       0
a                     1       0       0       0
simple,               2       4       0       1
unexpected            4       6       0       0
soulution.            5       4       0       1
                    ---     ---     ---     ---
Totals                0       0       0       0
Words            Vowels  Const.  Digits Special
A                     1       0       0       0
a                     1       0       0       0
difficult             3       6       0       0
have                  2       2       0       0
may                   1       2       0       0
problem               2       5       0       0
seems                 2       3       0       0
simple,               2       4       0       1
soulution.            5       4       0       1
that                  1       3       0       0
unexpected            4       6       0       0
                    ---     ---     ---     ---
Totals                0       0       0       0
